2024-09-26 09:35:25.240 +01:00  INF  Now listening on: http://localhost:5001
2024-09-26 09:35:25.273 +01:00  INF  Application started. Press Ctrl+C to shut down.
2024-09-26 09:35:25.275 +01:00  INF  Hosting environment: Development
2024-09-26 09:35:25.277 +01:00  INF  Content root path: C:\Users\luisc\Documents\projects\LCPMobileApp\server\api\LCPMobileAppApi
2024-09-26 09:35:32.585 +01:00  INF  Application is shutting down...
2024-09-26 09:35:41.235 +01:00  INF  Now listening on: https://localhost:5000
2024-09-26 09:35:41.268 +01:00  INF  Now listening on: http://localhost:5001
2024-09-26 09:35:41.272 +01:00  INF  Application started. Press Ctrl+C to shut down.
2024-09-26 09:35:41.274 +01:00  INF  Hosting environment: Development
2024-09-26 09:35:41.276 +01:00  INF  Content root path: C:\Users\luisc\Documents\projects\LCPMobileApp\server\api\LCPMobileAppApi
2024-09-26 09:35:43.000 +01:00  INF  Request starting HTTP/2 GET https://localhost:5000/ - null null
2024-09-26 09:35:43.192 +01:00  INF  Request finished HTTP/2 GET https://localhost:5000/ - 404 0 null 193.5523ms
2024-09-26 09:35:43.217 +01:00  INF  Request reached the end of the middleware pipeline without being handled by application code. Request path: GET https://localhost:5000/, Response status code: 404
2024-09-26 09:35:45.952 +01:00  INF  Request starting HTTP/2 GET https://localhost:5000/swagger/index.html - null null
2024-09-26 09:35:46.043 +01:00  INF  Request finished HTTP/2 GET https://localhost:5000/swagger/index.html - 200 null text/html;charset=utf-8 90.5763ms
2024-09-26 09:35:46.087 +01:00  INF  Request starting HTTP/2 GET https://localhost:5000/swagger/swagger-ui.css - null null
2024-09-26 09:35:46.098 +01:00  INF  Request starting HTTP/2 GET https://localhost:5000/swagger/index.css - null null
2024-09-26 09:35:46.098 +01:00  INF  Request starting HTTP/2 GET https://localhost:5000/swagger/swagger-ui-bundle.js - null null
2024-09-26 09:35:46.101 +01:00  INF  Request starting HTTP/2 GET https://localhost:5000/swagger/swagger-ui-standalone-preset.js - null null
2024-09-26 09:35:46.102 +01:00  INF  Request starting HTTP/2 GET https://localhost:5000/swagger/index.js - null null
2024-09-26 09:35:46.121 +01:00  INF  Sending file. Request path: '/index.css'. Physical path: 'N/A'
2024-09-26 09:35:46.122 +01:00  INF  Request finished HTTP/2 GET https://localhost:5000/swagger/index.js - 200 null application/javascript;charset=utf-8 20.2594ms
2024-09-26 09:35:46.124 +01:00  INF  Request finished HTTP/2 GET https://localhost:5000/swagger/index.css - 200 202 text/css 25.2536ms
2024-09-26 09:35:46.138 +01:00  INF  Sending file. Request path: '/swagger-ui.css'. Physical path: 'N/A'
2024-09-26 09:35:46.138 +01:00  INF  Sending file. Request path: '/swagger-ui-standalone-preset.js'. Physical path: 'N/A'
2024-09-26 09:35:46.143 +01:00  INF  Request finished HTTP/2 GET https://localhost:5000/swagger/swagger-ui-standalone-preset.js - 200 230293 text/javascript 41.5918ms
2024-09-26 09:35:46.143 +01:00  INF  Request finished HTTP/2 GET https://localhost:5000/swagger/swagger-ui.css - 200 152034 text/css 56.2999ms
2024-09-26 09:35:46.189 +01:00  INF  Sending file. Request path: '/swagger-ui-bundle.js'. Physical path: 'N/A'
2024-09-26 09:35:46.191 +01:00  INF  Request finished HTTP/2 GET https://localhost:5000/swagger/swagger-ui-bundle.js - 200 1452753 text/javascript 93.193ms
2024-09-26 09:35:46.371 +01:00  INF  Request starting HTTP/2 GET https://localhost:5000/swagger/v1/swagger.json - null null
2024-09-26 09:35:46.888 +01:00  INF  Request finished HTTP/2 GET https://localhost:5000/swagger/v1/swagger.json - 200 null application/json; charset=utf-8 517.598ms
2024-09-26 09:36:01.735 +01:00  INF  Request starting HTTP/2 POST https://localhost:5000/auth/authenticate - application/json 47
2024-09-26 09:36:01.746 +01:00  INF  CORS policy execution successful.
2024-09-26 09:36:01.757 +01:00  INF  Executing endpoint 'LCPMobileAppApi.Controllers.AuthController.Authenticate (LCPMobileAppApi)'
2024-09-26 09:36:01.776 +01:00  INF  Route matched with {action = "Authenticate", controller = "Auth"}. Executing controller action with signature Microsoft.AspNetCore.Mvc.IActionResult Authenticate(LCPMobileAppApi.Models.UsersAuth.AuthenticateRequest) on controller LCPMobileAppApi.Controllers.AuthController (LCPMobileAppApi).
2024-09-26 09:36:05.443 +01:00  INF  Executed DbCommand (68ms) [Parameters=[@__model_Username_0='?' (Size = 4000)], CommandType='"Text"', CommandTimeout='30']
SELECT [u0].[Id], [u0].[FirstName], [u0].[LastName], [u0].[Password], [u0].[Username], [r].[Id], [r].[Created], [r].[CreatedByIp], [r].[Expires], [r].[ReasonRevoked], [r].[ReplacedByToken], [r].[Revoked], [r].[RevokedByIp], [r].[Token], [r].[UserId]
FROM (
    SELECT TOP(2) [u].[Id], [u].[FirstName], [u].[LastName], [u].[Password], [u].[Username]
    FROM [Users] AS [u]
    WHERE [u].[Username] = @__model_Username_0
) AS [u0]
LEFT JOIN [RefreshToken] AS [r] ON [u0].[Id] = [r].[UserId]
ORDER BY [u0].[Id]
2024-09-26 09:36:05.886 +01:00  INF  Executed DbCommand (6ms) [Parameters=[@__token_0='?' (Size = 4000)], CommandType='"Text"', CommandTimeout='30']
SELECT CASE
    WHEN EXISTS (
        SELECT 1
        FROM [Users] AS [u]
        WHERE EXISTS (
            SELECT 1
            FROM [RefreshToken] AS [r]
            WHERE [u].[Id] = [r].[UserId] AND [r].[Token] = @__token_0)) THEN CAST(1 AS bit)
    ELSE CAST(0 AS bit)
END
2024-09-26 09:36:06.003 +01:00  INF  Executed DbCommand (6ms) [Parameters=[@p0='?' (DbType = DateTime2), @p1='?' (Size = 4000), @p2='?' (DbType = DateTime2), @p3='?' (Size = 4000), @p4='?' (Size = 4000), @p5='?' (DbType = DateTime2), @p6='?' (Size = 4000), @p7='?' (Size = 4000), @p8='?' (DbType = Int32), @p13='?' (DbType = Int32), @p9='?' (Size = 4000), @p10='?' (Size = 4000), @p11='?' (Size = 4000), @p12='?' (Size = 4000)], CommandType='"Text"', CommandTimeout='30']
SET NOCOUNT ON;
INSERT INTO [RefreshToken] ([Created], [CreatedByIp], [Expires], [ReasonRevoked], [ReplacedByToken], [Revoked], [RevokedByIp], [Token], [UserId])
OUTPUT INSERTED.[Id]
VALUES (@p0, @p1, @p2, @p3, @p4, @p5, @p6, @p7, @p8);
UPDATE [Users] SET [FirstName] = @p9, [LastName] = @p10, [Password] = @p11, [Username] = @p12
OUTPUT 1
WHERE [Id] = @p13;
2024-09-26 09:36:06.026 +01:00  INF  Logged in successfully as luigi!
2024-09-26 09:36:06.034 +01:00  INF  Executing OkObjectResult, writing value of type 'LCPMobileAppApi.Models.UsersAuth.AuthenticateResponse'.
2024-09-26 09:36:06.053 +01:00  INF  Executed action LCPMobileAppApi.Controllers.AuthController.Authenticate (LCPMobileAppApi) in 4265.3107ms
2024-09-26 09:36:06.060 +01:00  INF  Executed endpoint 'LCPMobileAppApi.Controllers.AuthController.Authenticate (LCPMobileAppApi)'
2024-09-26 09:36:06.069 +01:00  INF  Request finished HTTP/2 POST https://localhost:5000/auth/authenticate - 200 null application/json; charset=utf-8 4334.0447ms
2024-09-26 09:36:47.433 +01:00  INF  Request starting HTTP/2 GET https://localhost:5000/api/Users - null null
2024-09-26 09:36:47.500 +01:00  INF  Executed DbCommand (2ms) [Parameters=[@__p_0='?' (DbType = Int32)], CommandType='"Text"', CommandTimeout='30']
SELECT [u0].[Id], [u0].[FirstName], [u0].[LastName], [u0].[Password], [u0].[Username], [r].[Id], [r].[Created], [r].[CreatedByIp], [r].[Expires], [r].[ReasonRevoked], [r].[ReplacedByToken], [r].[Revoked], [r].[RevokedByIp], [r].[Token], [r].[UserId]
FROM (
    SELECT TOP(1) [u].[Id], [u].[FirstName], [u].[LastName], [u].[Password], [u].[Username]
    FROM [Users] AS [u]
    WHERE [u].[Id] = @__p_0
) AS [u0]
LEFT JOIN [RefreshToken] AS [r] ON [u0].[Id] = [r].[UserId]
ORDER BY [u0].[Id]
2024-09-26 09:36:47.507 +01:00  INF  Executing endpoint 'LCPMobileAppApi.Controllers.UsersController.GetUsers (LCPMobileAppApi)'
2024-09-26 09:36:47.513 +01:00  INF  Route matched with {action = "GetUsers", controller = "Users"}. Executing controller action with signature System.Threading.Tasks.Task`1[Microsoft.AspNetCore.Mvc.ActionResult`1[System.Collections.Generic.IEnumerable`1[LCPMobileAppApi.Models.User]]] GetUsers() on controller LCPMobileAppApi.Controllers.UsersController (LCPMobileAppApi).
2024-09-26 09:36:47.549 +01:00  INF  Executed DbCommand (13ms) [Parameters=[], CommandType='"Text"', CommandTimeout='30']
SELECT [u].[Id], [u].[FirstName], [u].[LastName], [u].[Password], [u].[Username], [r].[Id], [r].[Created], [r].[CreatedByIp], [r].[Expires], [r].[ReasonRevoked], [r].[ReplacedByToken], [r].[Revoked], [r].[RevokedByIp], [r].[Token], [r].[UserId]
FROM [Users] AS [u]
LEFT JOIN [RefreshToken] AS [r] ON [u].[Id] = [r].[UserId]
ORDER BY [u].[Id]
2024-09-26 09:36:47.581 +01:00  INF  Executing ObjectResult, writing value of type 'System.Collections.Generic.List`1[[LCPMobileAppApi.Models.User, LCPMobileAppApi, Version=1.0.0.0, Culture=neutral, PublicKeyToken=null]]'.
2024-09-26 09:36:47.588 +01:00  INF  Executed action LCPMobileAppApi.Controllers.UsersController.GetUsers (LCPMobileAppApi) in 71.1491ms
2024-09-26 09:36:47.591 +01:00  INF  Executed endpoint 'LCPMobileAppApi.Controllers.UsersController.GetUsers (LCPMobileAppApi)'
2024-09-26 09:36:47.594 +01:00  INF  Request finished HTTP/2 GET https://localhost:5000/api/Users - 200 null application/json; charset=utf-8 161.0078ms
2024-09-26 09:36:54.426 +01:00  INF  Request starting HTTP/2 GET https://localhost:5000/swagger/index.html - null null
2024-09-26 09:36:54.432 +01:00  INF  Request finished HTTP/2 GET https://localhost:5000/swagger/index.html - 200 null text/html;charset=utf-8 5.0743ms
2024-09-26 09:36:54.472 +01:00  INF  Request starting HTTP/2 GET https://localhost:5000/swagger/index.js - null null
2024-09-26 09:36:54.477 +01:00  INF  Request finished HTTP/2 GET https://localhost:5000/swagger/index.js - 200 null application/javascript;charset=utf-8 5.3036ms
2024-09-26 09:36:54.702 +01:00  INF  Request starting HTTP/2 GET https://localhost:5000/swagger/v1/swagger.json - null null
2024-09-26 09:36:54.721 +01:00  INF  Request finished HTTP/2 GET https://localhost:5000/swagger/v1/swagger.json - 200 null application/json; charset=utf-8 18.904ms
2024-09-26 09:37:03.604 +01:00  INF  Request starting HTTP/2 GET https://localhost:5000/api/Users/1 - null null
2024-09-26 09:37:03.666 +01:00  INF  Executed DbCommand (1ms) [Parameters=[@__p_0='?' (DbType = Int32)], CommandType='"Text"', CommandTimeout='30']
SELECT [u0].[Id], [u0].[FirstName], [u0].[LastName], [u0].[Password], [u0].[Username], [r].[Id], [r].[Created], [r].[CreatedByIp], [r].[Expires], [r].[ReasonRevoked], [r].[ReplacedByToken], [r].[Revoked], [r].[RevokedByIp], [r].[Token], [r].[UserId]
FROM (
    SELECT TOP(1) [u].[Id], [u].[FirstName], [u].[LastName], [u].[Password], [u].[Username]
    FROM [Users] AS [u]
    WHERE [u].[Id] = @__p_0
) AS [u0]
LEFT JOIN [RefreshToken] AS [r] ON [u0].[Id] = [r].[UserId]
ORDER BY [u0].[Id]
2024-09-26 09:37:03.671 +01:00  INF  Executing endpoint 'LCPMobileAppApi.Controllers.UsersController.GetUser (LCPMobileAppApi)'
2024-09-26 09:37:03.703 +01:00  INF  Route matched with {action = "GetUser", controller = "Users"}. Executing controller action with signature System.Threading.Tasks.Task`1[Microsoft.AspNetCore.Mvc.ActionResult`1[LCPMobileAppApi.Models.User]] GetUser(System.Nullable`1[System.Int32]) on controller LCPMobileAppApi.Controllers.UsersController (LCPMobileAppApi).
2024-09-26 09:37:03.710 +01:00  INF  Executing ObjectResult, writing value of type 'LCPMobileAppApi.Models.User'.
2024-09-26 09:37:03.712 +01:00  INF  Executed action LCPMobileAppApi.Controllers.UsersController.GetUser (LCPMobileAppApi) in 4.4676ms
2024-09-26 09:37:03.714 +01:00  INF  Executed endpoint 'LCPMobileAppApi.Controllers.UsersController.GetUser (LCPMobileAppApi)'
2024-09-26 09:37:03.715 +01:00  INF  Request finished HTTP/2 GET https://localhost:5000/api/Users/1 - 200 null application/json; charset=utf-8 111.4009ms
2024-09-26 09:37:23.732 +01:00  INF  Application is shutting down...
